2025-04-11T12:15:29.661+05:30  INFO 24892 --- [ProductCrudOperationUsingSpringjpa] [main] ctCrudOperationUsingSpringJpaApplication : Starting ProductCrudOperationUsingSpringJpaApplication using Java 21 with PID 24892 (C:\Users\2400531\Documents\workspace-spring-tool-suite-4-4.29.0.RELEASE\ProductCrudOperationUsingSpringJpa\target\classes started by 2400531 in C:\Users\2400531\Documents\workspace-spring-tool-suite-4-4.29.0.RELEASE\ProductCrudOperationUsingSpringJpa)
2025-04-11T12:15:29.664+05:30  INFO 24892 --- [ProductCrudOperationUsingSpringjpa] [main] ctCrudOperationUsingSpringJpaApplication : No active profile set, falling back to 1 default profile: "default"
2025-04-11T12:15:30.687+05:30  INFO 24892 --- [ProductCrudOperationUsingSpringjpa] [main] .s.d.r.c.RepositoryConfigurationDelegate : Bootstrapping Spring Data JPA repositories in DEFAULT mode.
2025-04-11T12:15:30.713+05:30  INFO 24892 --- [ProductCrudOperationUsingSpringjpa] [main] .s.d.r.c.RepositoryConfigurationDelegate : Finished Spring Data repository scanning in 15 ms. Found 0 JPA repository interfaces.
2025-04-11T12:15:31.262+05:30  INFO 24892 --- [ProductCrudOperationUsingSpringjpa] [main] o.s.b.w.embedded.tomcat.TomcatWebServer  : Tomcat initialized with port 8080 (http)
2025-04-11T12:15:31.274+05:30  INFO 24892 --- [ProductCrudOperationUsingSpringjpa] [main] o.apache.catalina.core.StandardService   : Starting service [Tomcat]
2025-04-11T12:15:31.275+05:30  INFO 24892 --- [ProductCrudOperationUsingSpringjpa] [main] o.apache.catalina.core.StandardEngine    : Starting Servlet engine: [Apache Tomcat/10.1.39]
2025-04-11T12:15:31.320+05:30  INFO 24892 --- [ProductCrudOperationUsingSpringjpa] [main] o.a.c.c.C.[Tomcat].[localhost].[/]       : Initializing Spring embedded WebApplicationContext
2025-04-11T12:15:31.321+05:30  INFO 24892 --- [ProductCrudOperationUsingSpringjpa] [main] w.s.c.ServletWebServerApplicationContext : Root WebApplicationContext: initialization completed in 1604 ms
2025-04-11T12:15:31.576+05:30  INFO 24892 --- [ProductCrudOperationUsingSpringjpa] [main] com.zaxxer.hikari.HikariDataSource       : HikariPool-1 - Starting...
2025-04-11T12:15:31.735+05:30  INFO 24892 --- [ProductCrudOperationUsingSpringjpa] [main] com.zaxxer.hikari.pool.HikariPool        : HikariPool-1 - Added connection conn0: url=jdbc:h2:mem:testdb user=SA
2025-04-11T12:15:31.737+05:30  INFO 24892 --- [ProductCrudOperationUsingSpringjpa] [main] com.zaxxer.hikari.HikariDataSource       : HikariPool-1 - Start completed.
2025-04-11T12:15:31.790+05:30  INFO 24892 --- [ProductCrudOperationUsingSpringjpa] [main] o.hibernate.jpa.internal.util.LogHelper  : HHH000204: Processing PersistenceUnitInfo [name: default]
2025-04-11T12:15:31.849+05:30  INFO 24892 --- [ProductCrudOperationUsingSpringjpa] [main] org.hibernate.Version                    : HHH000412: Hibernate ORM core version 6.6.11.Final
2025-04-11T12:15:31.875+05:30  INFO 24892 --- [ProductCrudOperationUsingSpringjpa] [main] o.h.c.internal.RegionFactoryInitiator    : HHH000026: Second-level cache disabled
2025-04-11T12:15:32.123+05:30  INFO 24892 --- [ProductCrudOperationUsingSpringjpa] [main] o.s.o.j.p.SpringPersistenceUnitInfo      : No LoadTimeWeaver setup: ignoring JPA class transformer
2025-04-11T12:15:32.171+05:30  WARN 24892 --- [ProductCrudOperationUsingSpringjpa] [main] org.hibernate.orm.deprecation            : HHH90000025: H2Dialect does not need to be specified explicitly using 'hibernate.dialect' (remove the property setting and it will be selected by default)
2025-04-11T12:15:32.185+05:30  INFO 24892 --- [ProductCrudOperationUsingSpringjpa] [main] org.hibernate.orm.connections.pooling    : HHH10001005: Database info:
	Database JDBC URL [Connecting through datasource 'HikariDataSource (HikariPool-1)']
	Database driver: undefined/unknown
	Database version: 2.3.232
	Autocommit mode: undefined/unknown
	Isolation level: undefined/unknown
	Minimum pool size: undefined/unknown
	Maximum pool size: undefined/unknown
2025-04-11T12:15:32.718+05:30  INFO 24892 --- [ProductCrudOperationUsingSpringjpa] [main] o.h.m.i.EntityInstantiatorPojoStandard   : HHH000182: No default (no-argument) constructor for class: com.cts.model.Product (class must be instantiated by Interceptor)
2025-04-11T12:15:32.853+05:30  INFO 24892 --- [ProductCrudOperationUsingSpringjpa] [main] o.h.e.t.j.p.i.JtaPlatformInitiator       : HHH000489: No JTA platform available (set 'hibernate.transaction.jta.platform' to enable JTA platform integration)
2025-04-11T12:15:32.879+05:30  INFO 24892 --- [ProductCrudOperationUsingSpringjpa] [main] j.LocalContainerEntityManagerFactoryBean : Initialized JPA EntityManagerFactory for persistence unit 'default'
2025-04-11T12:15:33.063+05:30  WARN 24892 --- [ProductCrudOperationUsingSpringjpa] [main] JpaBaseConfiguration$JpaWebConfiguration : spring.jpa.open-in-view is enabled by default. Therefore, database queries may be performed during view rendering. Explicitly configure spring.jpa.open-in-view to disable this warning
2025-04-11T12:15:34.309+05:30  INFO 24892 --- [ProductCrudOperationUsingSpringjpa] [main] o.s.b.a.h2.H2ConsoleAutoConfiguration    : H2 console available at '/h2-console'. Database available at 'jdbc:h2:mem:testdb'
2025-04-11T12:15:34.391+05:30  INFO 24892 --- [ProductCrudOperationUsingSpringjpa] [main] o.s.b.a.e.web.EndpointLinksResolver      : Exposing 15 endpoints beneath base path '/actuator'
2025-04-11T12:15:34.499+05:30  WARN 24892 --- [ProductCrudOperationUsingSpringjpa] [main] ConfigServletWebServerApplicationContext : Exception encountered during context initialization - cancelling refresh attempt: org.springframework.context.ApplicationContextException: Failed to start bean 'webServerStartStop'
2025-04-11T12:15:34.505+05:30  INFO 24892 --- [ProductCrudOperationUsingSpringjpa] [main] j.LocalContainerEntityManagerFactoryBean : Closing JPA EntityManagerFactory for persistence unit 'default'
2025-04-11T12:15:34.516+05:30  INFO 24892 --- [ProductCrudOperationUsingSpringjpa] [main] com.zaxxer.hikari.HikariDataSource       : HikariPool-1 - Shutdown initiated...
2025-04-11T12:15:34.520+05:30  INFO 24892 --- [ProductCrudOperationUsingSpringjpa] [main] com.zaxxer.hikari.HikariDataSource       : HikariPool-1 - Shutdown completed.
2025-04-11T12:15:34.547+05:30  INFO 24892 --- [ProductCrudOperationUsingSpringjpa] [main] .s.b.a.l.ConditionEvaluationReportLogger : 

Error starting ApplicationContext. To display the condition evaluation report re-run your application with 'debug' enabled.
2025-04-11T12:15:34.594+05:30 ERROR 24892 --- [ProductCrudOperationUsingSpringjpa] [main] o.s.b.d.LoggingFailureAnalysisReporter   : 

***************************
APPLICATION FAILED TO START
***************************

Description:

Web server failed to start. Port 8080 was already in use.

Action:

Identify and stop the process that's listening on port 8080 or configure this application to listen on another port.

